# JRE version: Java(TM) SE Runtime Environment (8.0_144-b01) (build 1.8.0_144-b01)
# Java VM: Java HotSpot(TM) Client VM (25.144-b01 mixed mode windows-x86 )
Heap:
 def new generation   total 157248K, used 157245K [0x06e00000, 0x118a0000, 0x118a0000)
  eden space 139776K, 100% used [0x06e00000, 0x0f680000, 0x0f680000)
  from space 17472K,  99% used [0x10790000, 0x1189f538, 0x118a0000)
  to   space 17472K,   0% used [0x0f680000, 0x0f680000, 0x10790000)
 tenured generation   total 349568K, used 349567K [0x118a0000, 0x26e00000, 0x26e00000)
   the space 349568K,  99% used [0x118a0000, 0x26dfffe0, 0x26e00000, 0x26e00000)
 Metaspace       used 19471K, capacity 19904K, committed 20224K, reserved 20864K
GC Heap History (10 events):
Event: 20852.642 GC heap before
{Heap before GC invocations=4720 (full 575):
 def new generation   total 157248K, used 157247K [0x06e00000, 0x118a0000, 0x118a0000)
  eden space 139776K,  99% used [0x06e00000, 0x0f67fff8, 0x0f680000)
  from space 17472K,  99% used [0x10790000, 0x1189ffb0, 0x118a0000)
  to   space 17472K,   0% used [0x0f680000, 0x0f680000, 0x10790000)
 tenured generation   total 349568K, used 349567K [0x118a0000, 0x26e00000, 0x26e00000)
   the space 349568K,  99% used [0x118a0000, 0x26dfffe8, 0x26e00000, 0x26e00000)
 Metaspace       used 19471K, capacity 19904K, committed 20224K, reserved 20864K
Event: 20853.096 GC heap after
Heap after GC invocations=4721 (full 576):
 def new generation   total 157248K, used 157242K [0x06e00000, 0x118a0000, 0x118a0000)
  eden space 139776K,  99% used [0x06e00000, 0x0f67fe58, 0x0f680000)
  from space 17472K,  99% used [0x10790000, 0x1189eb00, 0x118a0000)
  to   space 17472K,   0% used [0x0f680000, 0x0f680000, 0x10790000)
 tenured generation   total 349568K, used 349567K [0x118a0000, 0x26e00000, 0x26e00000)
   the space 349568K,  99% used [0x118a0000, 0x26dfffe0, 0x26e00000, 0x26e00000)
 Metaspace       used 19471K, capacity 19904K, committed 20224K, reserved 20864K
}
Event: 20853.097 GC heap before
{Heap before GC invocations=4721 (full 576):
 def new generation   total 157248K, used 157247K [0x06e00000, 0x118a0000, 0x118a0000)
  eden space 139776K, 100% used [0x06e00000, 0x0f680000, 0x0f680000)
  from space 17472K,  99% used [0x10790000, 0x1189ff30, 0x118a0000)
  to   space 17472K,   0% used [0x0f680000, 0x0f680000, 0x10790000)
 tenured generation   total 349568K, used 349567K [0x118a0000, 0x26e00000, 0x26e00000)
   the space 349568K,  99% used [0x118a0000, 0x26dfffe0, 0x26e00000, 0x26e00000)
 Metaspace       used 19471K, capacity 19904K, committed 20224K, reserved 20864K
Event: 20853.438 GC heap after
Heap after GC invocations=4722 (full 577):
 def new generation   total 157248K, used 157242K [0x06e00000, 0x118a0000, 0x118a0000)
  eden space 139776K,  99% used [0x06e00000, 0x0f67fe80, 0x0f680000)
  from space 17472K,  99% used [0x10790000, 0x1189ead8, 0x118a0000)
  to   space 17472K,   0% used [0x0f680000, 0x0f680000, 0x10790000)
 tenured generation   total 349568K, used 349567K [0x118a0000, 0x26e00000, 0x26e00000)
   the space 349568K,  99% used [0x118a0000, 0x26dfffe0, 0x26e00000, 0x26e00000)
 Metaspace       used 19471K, capacity 19904K, committed 20224K, reserved 20864K
}
Event: 20853.438 GC heap before
{Heap before GC invocations=4722 (full 577):
 def new generation   total 157248K, used 157247K [0x06e00000, 0x118a0000, 0x118a0000)
  eden space 139776K, 100% used [0x06e00000, 0x0f680000, 0x0f680000)
  from space 17472K,  99% used [0x10790000, 0x1189ff60, 0x118a0000)
  to   space 17472K,   0% used [0x0f680000, 0x0f680000, 0x10790000)
 tenured generation   total 349568K, used 349567K [0x118a0000, 0x26e00000, 0x26e00000)
   the space 349568K,  99% used [0x118a0000, 0x26dfffe0, 0x26e00000, 0x26e00000)
 Metaspace       used 19471K, capacity 19904K, committed 20224K, reserved 20864K
Event: 20853.781 GC heap after
Heap after GC invocations=4723 (full 578):
 def new generation   total 157248K, used 157242K [0x06e00000, 0x118a0000, 0x118a0000)
  eden space 139776K,  99% used [0x06e00000, 0x0f67fe58, 0x0f680000)
  from space 17472K,  99% used [0x10790000, 0x1189eb00, 0x118a0000)
  to   space 17472K,   0% used [0x0f680000, 0x0f680000, 0x10790000)
 tenured generation   total 349568K, used 349567K [0x118a0000, 0x26e00000, 0x26e00000)
   the space 349568K,  99% used [0x118a0000, 0x26dfffe0, 0x26e00000, 0x26e00000)
 Metaspace       used 19471K, capacity 19904K, committed 20224K, reserved 20864K
}
Event: 20853.782 GC heap before
{Heap before GC invocations=4723 (full 578):
 def new generation   total 157248K, used 157246K [0x06e00000, 0x118a0000, 0x118a0000)
  eden space 139776K, 100% used [0x06e00000, 0x0f680000, 0x0f680000)
  from space 17472K,  99% used [0x10790000, 0x1189fb98, 0x118a0000)
  to   space 17472K,   0% used [0x0f680000, 0x0f680000, 0x10790000)
 tenured generation   total 349568K, used 349567K [0x118a0000, 0x26e00000, 0x26e00000)
   the space 349568K,  99% used [0x118a0000, 0x26dfffe0, 0x26e00000, 0x26e00000)
 Metaspace       used 19471K, capacity 19904K, committed 20224K, reserved 20864K
Event: 20854.126 GC heap after
Heap after GC invocations=4724 (full 579):
 def new generation   total 157248K, used 157233K [0x06e00000, 0x118a0000, 0x118a0000)
  eden space 139776K,  99% used [0x06e00000, 0x0f67fe58, 0x0f680000)
  from space 17472K,  99% used [0x10790000, 0x1189c820, 0x118a0000)
  to   space 17472K,   0% used [0x0f680000, 0x0f680000, 0x10790000)
 tenured generation   total 349568K, used 349567K [0x118a0000, 0x26e00000, 0x26e00000)
   the space 349568K,  99% used [0x118a0000, 0x26dfffe0, 0x26e00000, 0x26e00000)
 Metaspace       used 19471K, capacity 19904K, committed 20224K, reserved 20864K
}
Event: 20854.126 GC heap before
{Heap before GC invocations=4724 (full 579):
 def new generation   total 157248K, used 157233K [0x06e00000, 0x118a0000, 0x118a0000)
  eden space 139776K,  99% used [0x06e00000, 0x0f67fe58, 0x0f680000)
  from space 17472K,  99% used [0x10790000, 0x1189c820, 0x118a0000)
  to   space 17472K,   0% used [0x0f680000, 0x0f680000, 0x10790000)
 tenured generation   total 349568K, used 349567K [0x118a0000, 0x26e00000, 0x26e00000)
   the space 349568K,  99% used [0x118a0000, 0x26dfffe0, 0x26e00000, 0x26e00000)
 Metaspace       used 19471K, capacity 19904K, committed 20224K, reserved 20864K
Event: 20854.575 GC heap after
Heap after GC invocations=4725 (full 580):
 def new generation   total 157248K, used 157233K [0x06e00000, 0x118a0000, 0x118a0000)
  eden space 139776K,  99% used [0x06e00000, 0x0f67fbf8, 0x0f680000)
  from space 17472K,  99% used [0x10790000, 0x1189c820, 0x118a0000)
  to   space 17472K,   0% used [0x0f680000, 0x0f680000, 0x10790000)
 tenured generation   total 349568K, used 349567K [0x118a0000, 0x26e00000, 0x26e00000)
   the space 349568K,  99% used [0x118a0000, 0x26dfffe0, 0x26e00000, 0x26e00000)
 Metaspace       used 19471K, capacity 19904K, committed 20224K, reserved 20864K
}

